<?xml version="1.0" encoding="UTF-8"?>
<testng-results skipped="0" failed="1" total="1" passed="0">
  <reporter-output>
    <line>
      <![CDATA[<h4> Repro Steps </h4><br>]]>
    </line>
    <line>
      <![CDATA[1. Navigate to meritnation <br> 2. Click on login link <br> 3. Fill Credentials <br>]]>
    </line>
    <line>
      <![CDATA[<br><a href=C:\Users\dsood\Framework8June\Meritnation\test-output\screenshot\verifyUser23_Aug_17_01_55_18PM.png>Sreenshot</a>]]>
    </line>
  </reporter-output>
  <suite name="Suite" duration-ms="34572" started-at="2017-08-23T08:24:45Z" finished-at="2017-08-23T08:25:20Z">
    <groups>
    </groups>
    <test name="Test" duration-ms="34572" started-at="2017-08-23T08:24:45Z" finished-at="2017-08-23T08:25:20Z">
      <class name="test.LoginPageTest">
        <test-method status="PASS" signature="openBrowser(java.lang.String)[pri:0, instance:test.LoginPageTest@239963d8]" name="openBrowser" is-config="true" duration-ms="5432" started-at="2017-08-23T13:54:45Z" finished-at="2017-08-23T13:54:51Z">
          <params>
            <param index="0">
              <value>
                <![CDATA[chrome]]>
              </value>
            </param>
          </params>
          <reporter-output>
          </reporter-output>
        </test-method> <!-- openBrowser -->
        <test-method status="PASS" signature="navigateToURL()[pri:0, instance:test.LoginPageTest@239963d8]" name="navigateToURL" is-config="true" duration-ms="16328" started-at="2017-08-23T13:54:51Z" finished-at="2017-08-23T13:55:07Z">
          <reporter-output>
          </reporter-output>
        </test-method> <!-- navigateToURL -->
        <test-method status="FAIL" signature="verifyUser(java.lang.String, java.lang.String)[pri:0, instance:test.LoginPageTest@239963d8]" name="verifyUser" duration-ms="11087" started-at="2017-08-23T13:55:07Z" description="1. Navigate to meritnation &lt;br&gt; 2. Click on login link &lt;br&gt; 3. Fill Credentials &lt;br&gt;" data-provider="getDataFromXls" finished-at="2017-08-23T13:55:18Z">
          <params>
            <param index="0">
              <value>
                <![CDATA[sunaina@test.com]]>
              </value>
            </param>
            <param index="1">
              <value>
                <![CDATA[12345678]]>
              </value>
            </param>
          </params>
          <exception class="java.lang.AssertionError">
            <message>
              <![CDATA[Expected: failed]]>
            </message>
            <full-stacktrace>
              <![CDATA[java.lang.AssertionError: Expected: failed
	at test.LoginPageTest.verifyUser(LoginPageTest.java:40)
	at sun.reflect.NativeMethodAccessorImpl.invoke0(Native Method)
	at sun.reflect.NativeMethodAccessorImpl.invoke(NativeMethodAccessorImpl.java:62)
	at sun.reflect.DelegatingMethodAccessorImpl.invoke(DelegatingMethodAccessorImpl.java:43)
	at java.lang.reflect.Method.invoke(Method.java:498)
	at org.testng.internal.MethodInvocationHelper.invokeMethod(MethodInvocationHelper.java:86)
	at org.testng.internal.Invoker.invokeMethod(Invoker.java:643)
	at org.testng.internal.Invoker.invokeTestMethod(Invoker.java:820)
	at org.testng.internal.Invoker.invokeTestMethods(Invoker.java:1128)
	at org.testng.internal.TestMethodWorker.invokeTestMethods(TestMethodWorker.java:129)
	at org.testng.internal.TestMethodWorker.run(TestMethodWorker.java:112)
	at org.testng.TestRunner.privateRun(TestRunner.java:782)
	at org.testng.TestRunner.run(TestRunner.java:632)
	at org.testng.SuiteRunner.runTest(SuiteRunner.java:366)
	at org.testng.SuiteRunner.runSequentially(SuiteRunner.java:361)
	at org.testng.SuiteRunner.privateRun(SuiteRunner.java:319)
	at org.testng.SuiteRunner.run(SuiteRunner.java:268)
	at org.testng.SuiteRunnerWorker.runSuite(SuiteRunnerWorker.java:52)
	at org.testng.SuiteRunnerWorker.run(SuiteRunnerWorker.java:86)
	at org.testng.TestNG.runSuitesSequentially(TestNG.java:1244)
	at org.testng.TestNG.runSuitesLocally(TestNG.java:1169)
	at org.testng.TestNG.run(TestNG.java:1064)
	at org.apache.maven.surefire.testng.TestNGExecutor.run(TestNGExecutor.java:282)
	at org.apache.maven.surefire.testng.TestNGXmlTestSuite.execute(TestNGXmlTestSuite.java:83)
	at org.apache.maven.surefire.testng.TestNGProvider.invoke(TestNGProvider.java:114)
	at org.apache.maven.surefire.booter.ForkedBooter.invokeProviderInSameClassLoader(ForkedBooter.java:286)
	at org.apache.maven.surefire.booter.ForkedBooter.runSuitesInProcess(ForkedBooter.java:240)
	at org.apache.maven.surefire.booter.ForkedBooter.main(ForkedBooter.java:121)
]]>
            </full-stacktrace>
          </exception> <!-- java.lang.AssertionError -->
          <reporter-output>
            <line>
              <![CDATA[<h4> Repro Steps </h4><br>]]>
            </line>
            <line>
              <![CDATA[1. Navigate to meritnation <br> 2. Click on login link <br> 3. Fill Credentials <br>]]>
            </line>
            <line>
              <![CDATA[<br><a href=C:\Users\dsood\Framework8June\Meritnation\test-output\screenshot\verifyUser23_Aug_17_01_55_18PM.png>Sreenshot</a>]]>
            </line>
          </reporter-output>
        </test-method> <!-- verifyUser -->
        <test-method status="PASS" signature="closeBrowser()[pri:0, instance:test.LoginPageTest@239963d8]" name="closeBrowser" is-config="true" duration-ms="1110" started-at="2017-08-23T13:55:19Z" finished-at="2017-08-23T13:55:20Z">
          <reporter-output>
          </reporter-output>
        </test-method> <!-- closeBrowser -->
      </class> <!-- test.LoginPageTest -->
    </test> <!-- Test -->
  </suite> <!-- Suite -->
</testng-results>
